<?xml version="1.0" encoding="UTF-8"?>
<testsuite xmlns:xsi="http://www.w3.org/2001/XMLSchema-instance" xsi:noNamespaceSchemaLocation="https://maven.apache.org/surefire/maven-surefire-plugin/xsd/surefire-test-report.xsd" name="gr.aueb.cf.miniprojects.theater.TheaterSeatTest" time="0.047" tests="4" errors="0" skipped="0" failures="0">
  <properties>
    <property name="sun.desktop" value="windows"/>
    <property name="awt.toolkit" value="sun.awt.windows.WToolkit"/>
    <property name="java.specification.version" value="11"/>
    <property name="sun.cpu.isalist" value="amd64"/>
    <property name="sun.jnu.encoding" value="Cp1253"/>
    <property name="java.class.path" value="C:\Users\localadmin\IdeaProjects\coding-factory-aueb\target\test-classes;C:\Users\localadmin\IdeaProjects\coding-factory-aueb\target\classes;C:\Users\localadmin\.m2\repository\com\opencsv\opencsv\5.7.1\opencsv-5.7.1.jar;C:\Users\localadmin\.m2\repository\org\apache\commons\commons-text\1.10.0\commons-text-1.10.0.jar;C:\Users\localadmin\.m2\repository\commons-beanutils\commons-beanutils\1.9.4\commons-beanutils-1.9.4.jar;C:\Users\localadmin\.m2\repository\commons-logging\commons-logging\1.2\commons-logging-1.2.jar;C:\Users\localadmin\.m2\repository\commons-collections\commons-collections\3.2.2\commons-collections-3.2.2.jar;C:\Users\localadmin\.m2\repository\org\apache\commons\commons-collections4\4.4\commons-collections4-4.4.jar;C:\Users\localadmin\.m2\repository\org\apache\commons\commons-lang3\3.12.0\commons-lang3-3.12.0.jar;C:\Users\localadmin\.m2\repository\org\mockito\mockito-all\1.8.4\mockito-all-1.8.4.jar;C:\Users\localadmin\.m2\repository\org\apache\commons\commons-math3\3.6.1\commons-math3-3.6.1.jar;C:\Users\localadmin\.m2\repository\org\junit\jupiter\junit-jupiter\5.9.2\junit-jupiter-5.9.2.jar;C:\Users\localadmin\.m2\repository\org\junit\jupiter\junit-jupiter-api\5.9.2\junit-jupiter-api-5.9.2.jar;C:\Users\localadmin\.m2\repository\org\opentest4j\opentest4j\1.2.0\opentest4j-1.2.0.jar;C:\Users\localadmin\.m2\repository\org\junit\platform\junit-platform-commons\1.9.2\junit-platform-commons-1.9.2.jar;C:\Users\localadmin\.m2\repository\org\apiguardian\apiguardian-api\1.1.2\apiguardian-api-1.1.2.jar;C:\Users\localadmin\.m2\repository\org\junit\jupiter\junit-jupiter-params\5.9.2\junit-jupiter-params-5.9.2.jar;C:\Users\localadmin\.m2\repository\org\junit\jupiter\junit-jupiter-engine\5.9.2\junit-jupiter-engine-5.9.2.jar;C:\Users\localadmin\.m2\repository\org\junit\platform\junit-platform-engine\1.9.2\junit-platform-engine-1.9.2.jar;C:\Users\localadmin\.m2\repository\org\assertj\assertj-core\3.24.2\assertj-core-3.24.2.jar;C:\Users\localadmin\.m2\repository\net\bytebuddy\byte-buddy\1.12.21\byte-buddy-1.12.21.jar;"/>
    <property name="java.vm.vendor" value="Amazon.com Inc."/>
    <property name="sun.arch.data.model" value="64"/>
    <property name="user.variant" value=""/>
    <property name="java.vendor.url" value="https://aws.amazon.com/corretto/"/>
    <property name="user.timezone" value="Europe/Athens"/>
    <property name="java.vm.specification.version" value="11"/>
    <property name="os.name" value="Windows 10"/>
    <property name="sun.java.launcher" value="SUN_STANDARD"/>
    <property name="user.country" value="GR"/>
    <property name="sun.boot.library.path" value="C:\Program Files\Amazon Corretto\jdk11.0.18_10\bin"/>
    <property name="sun.java.command" value="C:\Users\LOCALA~1\AppData\Local\Temp\surefire9796432743456597382\surefirebooter2803018083404678022.jar C:\Users\localadmin\AppData\Local\Temp\surefire9796432743456597382 2023-03-13T15-01-05_234-jvmRun1 surefire8135753241259028801tmp surefire_0910548434589119934tmp"/>
    <property name="jdk.debug" value="release"/>
    <property name="surefire.test.class.path" value="C:\Users\localadmin\IdeaProjects\coding-factory-aueb\target\test-classes;C:\Users\localadmin\IdeaProjects\coding-factory-aueb\target\classes;C:\Users\localadmin\.m2\repository\com\opencsv\opencsv\5.7.1\opencsv-5.7.1.jar;C:\Users\localadmin\.m2\repository\org\apache\commons\commons-text\1.10.0\commons-text-1.10.0.jar;C:\Users\localadmin\.m2\repository\commons-beanutils\commons-beanutils\1.9.4\commons-beanutils-1.9.4.jar;C:\Users\localadmin\.m2\repository\commons-logging\commons-logging\1.2\commons-logging-1.2.jar;C:\Users\localadmin\.m2\repository\commons-collections\commons-collections\3.2.2\commons-collections-3.2.2.jar;C:\Users\localadmin\.m2\repository\org\apache\commons\commons-collections4\4.4\commons-collections4-4.4.jar;C:\Users\localadmin\.m2\repository\org\apache\commons\commons-lang3\3.12.0\commons-lang3-3.12.0.jar;C:\Users\localadmin\.m2\repository\org\mockito\mockito-all\1.8.4\mockito-all-1.8.4.jar;C:\Users\localadmin\.m2\repository\org\apache\commons\commons-math3\3.6.1\commons-math3-3.6.1.jar;C:\Users\localadmin\.m2\repository\org\junit\jupiter\junit-jupiter\5.9.2\junit-jupiter-5.9.2.jar;C:\Users\localadmin\.m2\repository\org\junit\jupiter\junit-jupiter-api\5.9.2\junit-jupiter-api-5.9.2.jar;C:\Users\localadmin\.m2\repository\org\opentest4j\opentest4j\1.2.0\opentest4j-1.2.0.jar;C:\Users\localadmin\.m2\repository\org\junit\platform\junit-platform-commons\1.9.2\junit-platform-commons-1.9.2.jar;C:\Users\localadmin\.m2\repository\org\apiguardian\apiguardian-api\1.1.2\apiguardian-api-1.1.2.jar;C:\Users\localadmin\.m2\repository\org\junit\jupiter\junit-jupiter-params\5.9.2\junit-jupiter-params-5.9.2.jar;C:\Users\localadmin\.m2\repository\org\junit\jupiter\junit-jupiter-engine\5.9.2\junit-jupiter-engine-5.9.2.jar;C:\Users\localadmin\.m2\repository\org\junit\platform\junit-platform-engine\1.9.2\junit-platform-engine-1.9.2.jar;C:\Users\localadmin\.m2\repository\org\assertj\assertj-core\3.24.2\assertj-core-3.24.2.jar;C:\Users\localadmin\.m2\repository\net\bytebuddy\byte-buddy\1.12.21\byte-buddy-1.12.21.jar;"/>
    <property name="sun.cpu.endian" value="little"/>
    <property name="user.home" value="C:\Users\localadmin"/>
    <property name="user.language" value="el"/>
    <property name="java.specification.vendor" value="Oracle Corporation"/>
    <property name="java.version.date" value="2023-01-17"/>
    <property name="java.home" value="C:\Program Files\Amazon Corretto\jdk11.0.18_10"/>
    <property name="file.separator" value="\"/>
    <property name="basedir" value="C:\Users\localadmin\IdeaProjects\coding-factory-aueb"/>
    <property name="java.vm.compressedOopsMode" value="32-bit"/>
    <property name="line.separator" value="&#10;"/>
    <property name="java.specification.name" value="Java Platform API Specification"/>
    <property name="java.vm.specification.vendor" value="Oracle Corporation"/>
    <property name="java.awt.graphicsenv" value="sun.awt.Win32GraphicsEnvironment"/>
    <property name="surefire.real.class.path" value="C:\Users\LOCALA~1\AppData\Local\Temp\surefire9796432743456597382\surefirebooter2803018083404678022.jar"/>
    <property name="user.script" value=""/>
    <property name="sun.management.compiler" value="HotSpot 64-Bit Tiered Compilers"/>
    <property name="java.runtime.version" value="11.0.18+10-LTS"/>
    <property name="user.name" value="localadmin"/>
    <property name="path.separator" value=";"/>
    <property name="os.version" value="10.0"/>
    <property name="java.runtime.name" value="OpenJDK Runtime Environment"/>
    <property name="file.encoding" value="Cp1253"/>
    <property name="java.vm.name" value="OpenJDK 64-Bit Server VM"/>
    <property name="java.vendor.version" value="Corretto-11.0.18.10.1"/>
    <property name="localRepository" value="C:\Users\localadmin\.m2\repository"/>
    <property name="java.vendor.url.bug" value="https://github.com/corretto/corretto-11/issues/"/>
    <property name="java.io.tmpdir" value="C:\Users\LOCALA~1\AppData\Local\Temp\"/>
    <property name="java.version" value="11.0.18"/>
    <property name="user.dir" value="C:\Users\localadmin\IdeaProjects\coding-factory-aueb"/>
    <property name="os.arch" value="amd64"/>
    <property name="java.vm.specification.name" value="Java Virtual Machine Specification"/>
    <property name="java.awt.printerjob" value="sun.awt.windows.WPrinterJob"/>
    <property name="sun.os.patch.level" value=""/>
    <property name="java.library.path" value="C:\Program Files\Amazon Corretto\jdk11.0.18_10\bin;C:\WINDOWS\Sun\Java\bin;C:\WINDOWS\system32;C:\WINDOWS;C:\Program Files\Amazon Corretto\jdk11.0.18_10\bin;C:\Program Files (x86)\Common Files\Oracle\Java\javapath;C:\Program Files\Common Files\Oracle\Java\javapath;C:\app\tzioutzios.d\product\12.2.0\client_1;C:\Oracle\product\10.2.0\client_1;C:\Oracle\product\10.2.0\client_1\BIN;C:\WINDOWS\system32;C:\WINDOWS;C:\WINDOWS\System32\Wbem;C:\WINDOWS\System32\WindowsPowerShell\v1.0\;C:\WINDOWS\System32\OpenSSH\;C:\Oracle\product\10.2.0\client_1\BIN;C:\Oracle\product\10.2.0\client_1;C:\Oracle\product\10.2.0\c;%MAVEN_HOME%\bin;C:\Oracle\product\10.2.0\client_1;C:\Oracle\product\10.2.0\client_1\BIN;C:\Oracle\product\10.2.0\client_1;C:\Oracle\product\10.2.0\client_1\BIN;C:\Oracle\product\10.2.0\client_1;C:\Oracle\product\10.2.0\client_1\BIN;C:\Oracle\product\10.2.0\client_1;C:\Oracle\product\10.2.0\client_1\BIN;C:\Oracle\product\10.2.0\client_1;C:\Oracle\product\10.2.0\client_1\BIN;C:\Oracle\product\10.2.0\client_1;C:\Oracle\product\10.2.0\client_1\BIN;C:\Oracle\product\10.2.0\client_1;C:\Oracle\product\10.2.0\client_1\BIN;C:\Oracle\product\10.2.0\client_1;C:\Oracle\product\10.2.0\client_1\BIN;C:\Oracle\product\10.2.0\client_1;C:\Oracle\product\10.2.0\client_1\BIN;C:\Oracle\product\10.2.0\client_1;C:\Oracle\product\10.2.0\client_1\BIN;C:\Oracle\product\10.2.0\client_1;C:\Oracle\product\10.2.0\client_1\BIN;C:\Oracle\product\10.2.0\client_1;C:\Oracle\product\10.2.0\client_1\BIN;C:\Oracle\product\10.2.0\client_1;C:\Oracle\product\10.2.0\client_1\BIN;C:\Oracle\product\10.2.0\client_1;C:\Oracle\product\10.2.0\client_1\BIN;C:\Oracle\product\10.2.0\client_1;C:\Oracle\product\10.2.0\client_1\BIN;C:\Oracle\product\10.2.0\client_1;C:\Oracle\product\10.2.0\client_1\BIN;C:\Oracle\product\10.2.0\client_1;C:\Oracle\product\10.2.0\client_1\BIN;C:\Program Files\Git\cmd;C:\Oracle\product\10.2.0\client_1;C:\Oracle\product\10.2.0\client_1\BIN;C:\Oracle\product\10.2.0\client_1;C:\Oracle\product\10.2.0\client_1\BIN;C:\Oracle\product\10.2.0\client_1;C:\Oracle\product\10.2.0\client_1\BIN;C:\Oracle\product\10.2.0\client_1;C:\Oracle\product\10.2.0\client_1\BIN;C:\Oracle\product\10.2.0\client_1;C:\Oracle\product\10.2.0\client_1\BIN;C:\Oracle\product\10.2.0\client_1;C:\Oracle\product\10.2.0\client_1\BIN;C:\Oracle\product\10.2.0\client_1;C:\Oracle\product\10.2.0\client_1\BIN;C:\Oracle\product\10.2.0\client_1;C:\Oracle\product\10.2.0\client_1\BIN;C:\Oracle\product\10.2.0\client_1;C:\Oracle\product\10.2.0\client_1\BIN;C:\Oracle\product\10.2.0\client_1;C:\Oracle\product\10.2.0\client_1\BIN;C:\Oracle\product\10.2.0\client_1;C:\Oracle\product\10.2.0\client_1\BIN;C:\Oracle\product\10.2.0\client_1;C:\Oracle\product\10.2.0\client_1\BIN;C:\Oracle\product\10.2.0\client_1;C:\Oracle\product\10.2.0\client_1\BIN;C:\Oracle\product\10.2.0\client_1;C:\Oracle\product\10.2.0\client_1\BIN;C:\Oracle\product\10.2.0\client_1;C:\Oracle\product\10.2.0\client_1\BIN;C:\Users\localadmin\AppData\Local\Microsoft\WindowsApps;C:\Users\localadmin\AppData\Local\Programs\Microsoft VS Code\bin;C:\Program Files\apache-maven-3.9.0\bin;;."/>
    <property name="java.vm.info" value="mixed mode"/>
    <property name="java.vendor" value="Amazon.com Inc."/>
    <property name="java.vm.version" value="11.0.18+10-LTS"/>
    <property name="sun.io.unicode.encoding" value="UnicodeLittle"/>
    <property name="java.class.version" value="55.0"/>
  </properties>
  <testcase name="theaterSeat_ifTheaterSeatIsReserved_canCancelReservation" classname="gr.aueb.cf.miniprojects.theater.TheaterSeatTest" time="0.033"/>
  <testcase name="theaterSeat_ifTheaterSeatIsNotBooked_canReserveTheSeat" classname="gr.aueb.cf.miniprojects.theater.TheaterSeatTest" time="0.004"/>
  <testcase name="theaterSeat_allSeatsAreNotBookedInTheBeginning" classname="gr.aueb.cf.miniprojects.theater.TheaterSeatTest" time="0"/>
  <testcase name="theaterSeat_ifTheaterSeatIsReservedOnce_bookedBecomesTrue" classname="gr.aueb.cf.miniprojects.theater.TheaterSeatTest" time="0.001"/>
</testsuite>